<?xml version="1.0" encoding="UTF-8"?>
<testsuite xmlns:xsi="http://www.w3.org/2001/XMLSchema-instance" xsi:noNamespaceSchemaLocation="https://maven.apache.org/surefire/maven-surefire-plugin/xsd/surefire-test-report.xsd" name="TestSuite" time="44.696" tests="7" errors="0" skipped="0" failures="1">
  <properties>
[...]
</properties>
  <testcase name="getStatusCheck" classname="pkg.APIGetTest" time="34.594">
    <failure message="Read timed out" type="java.net.SocketTimeoutException">java.net.SocketTimeoutException: Read timed out
	at pkg.APIGetTest.getStatusCheck(APIGetTest.java:18)
</failure>
  </testcase>
  <testcase name="verifyContentType" classname="pkg.APIGetTest" time="4.531"/>
  <testcase name="verifyServer" classname="pkg.APIGetTest" time="0.321"/>
  <testcase name="verifyStatusCode" classname="pkg.APIGetTest" time="0.322"/>
  <testcase name="verifyStatusLine" classname="pkg.APIGetTest" time="0.331"/>
  <testcase name="verifyStatusLine2" classname="pkg.APIGetTest" time="0.313"/>
  <testcase name="shouldAnswerWithTrue" classname="pkg.AppTest" time="0"/>
</testsuite>