<?xml version="1.0" encoding="UTF-8"?>
<testng-results skipped="0" failed="0" total="1" passed="1">
  <reporter-output>
  </reporter-output>
  <suite name="Default suite" duration-ms="4026" started-at="2019-12-04T19:11:26Z" finished-at="2019-12-04T19:11:30Z">
    <groups>
    </groups>
    <test name="Default test" duration-ms="4026" started-at="2019-12-04T19:11:26Z" finished-at="2019-12-04T19:11:30Z">
      <class name="placesAPI.FindPlaceLogging">
        <test-method status="PASS" signature="setUp()[pri:0, instance:placesAPI.FindPlaceLogging@2290684a]" name="setUp" is-config="true" duration-ms="508" started-at="2019-12-05T00:41:26Z" finished-at="2019-12-05T00:41:26Z">
          <reporter-output>
          </reporter-output>
        </test-method> <!-- setUp -->
        <test-method status="PASS" signature="FindPlaceTestDuplicate()[pri:0, instance:placesAPI.FindPlaceLogging@2290684a]" name="FindPlaceTestDuplicate" duration-ms="3503" started-at="2019-12-05T00:41:26Z" finished-at="2019-12-05T00:41:30Z">
          <reporter-output>
          </reporter-output>
        </test-method> <!-- FindPlaceTestDuplicate -->
      </class> <!-- placesAPI.FindPlaceLogging -->
    </test> <!-- Default test -->
  </suite> <!-- Default suite -->
</testng-results>
